




2025-08-15T00:59:27Z Bitcoin Core version v29.99.0-e95bfc1d537e-dirty (release build)
2025-08-15T00:59:27Z Using the 'standard' SHA256 implementation
2025-08-15T00:59:27Z Default data directory C:\Users\33506\AppData\Local\Bitcoin
2025-08-15T00:59:27Z Using data directory D:\btcdata\regtest
2025-08-15T00:59:27Z Config file: D:\btcdata\bitcoin.conf (not found, skipping)
2025-08-15T00:59:27Z Command-line arg: datadir="D:\\btcdata"
2025-08-15T00:59:27Z Command-line arg: printtoconsole=""
2025-08-15T00:59:27Z Command-line arg: regtest=""
2025-08-15T00:59:27Z Command-line arg: server="1"
2025-08-15T00:59:27Z Using at most 125 automatic connections (1024 file descriptors available)
2025-08-15T00:59:27Z scheduler thread start
2025-08-15T00:59:27Z Binding RPC on address ::1 port 18443
2025-08-15T00:59:27Z Binding RPC on address 127.0.0.1 port 18443
2025-08-15T00:59:27Z Generated RPC authentication cookie D:\btcdata\regtest\.cookie
2025-08-15T00:59:27Z Permissions used for cookie: rwxrwxrwx
2025-08-15T00:59:27Z Using random cookie authentication.
2025-08-15T00:59:27Z Starting HTTP server with 16 worker threads
2025-08-15T00:59:27Z Using wallet directory D:\btcdata\regtest\wallets
2025-08-15T00:59:27Z init message: Verifying wallet(s)…
2025-08-15T00:59:27Z Using /16 prefix for IP bucketing
2025-08-15T00:59:27Z init message: Loading P2P addresses…
2025-08-15T00:59:27Z Creating peers.dat because the file was not found ("D:\btcdata\regtest\peers.dat")
2025-08-15T00:59:27Z init message: Loading banlist…
2025-08-15T00:59:27Z Recreating the banlist database
2025-08-15T00:59:27Z SetNetworkActive: true
2025-08-15T00:59:27Z D:\btcdata\regtest\fee_estimates.dat is not found. Continue anyway.
2025-08-15T00:59:27Z Cache configuration:
2025-08-15T00:59:27Z * Using 2.0 MiB for block index database
2025-08-15T00:59:27Z * Using 8.0 MiB for chain state database
2025-08-15T00:59:27Z * Using 440.0 MiB for in-memory UTXO set (plus up to 286.1 MiB of unused mempool space)
2025-08-15T00:59:27Z Script verification uses 15 additional threads
2025-08-15T00:59:27Z Using obfuscation key for blocksdir *.dat files (D:\btcdata\regtest\blocks): 'e50325202a3f669b'
2025-08-15T00:59:27Z Opening LevelDB in D:\btcdata\regtest\blocks\index
2025-08-15T00:59:27Z Opened LevelDB successfully
2025-08-15T00:59:27Z Using obfuscation key for D:\btcdata\regtest\blocks\index: 0000000000000000
2025-08-15T00:59:27Z Using 16 MiB out of 16 MiB requested for signature cache, able to store 524288 elements
2025-08-15T00:59:27Z Using 16 MiB out of 16 MiB requested for script execution cache, able to store 524288 elements
2025-08-15T00:59:27Z init message: Loading block index…
2025-08-15T00:59:27Z Validating signatures for all blocks.
2025-08-15T00:59:27Z Setting nMinimumChainWork=0000000000000000000000000000000000000000000000000000000000000000
2025-08-15T00:59:27Z LoadBlockIndexDB: last block file = 0
2025-08-15T00:59:27Z LoadBlockIndexDB: last block file info: CBlockFileInfo(blocks=0, size=0, heights=0...0, time=1970-01-01...1970-01-01)
2025-08-15T00:59:27Z Checking all blk files are present...
2025-08-15T00:59:27Z Initializing chainstate Chainstate [ibd] @ height -1 (null)
2025-08-15T00:59:27Z Opening LevelDB in D:\btcdata\regtest\chainstate
2025-08-15T00:59:27Z Opened LevelDB successfully
2025-08-15T00:59:27Z Wrote new obfuscate key for D:\btcdata\regtest\chainstate: aea24479a9eb23f2
2025-08-15T00:59:27Z Using obfuscation key for D:\btcdata\regtest\chainstate: aea24479a9eb23f2
2025-08-15T00:59:27Z init message: Verifying blocks…
2025-08-15T00:59:27Z Block index and chainstate loaded
2025-08-15T00:59:27Z Setting NODE_NETWORK on non-prune mode
2025-08-15T00:59:27Z initload thread start
2025-08-15T00:59:27Z UpdateTip: new best=0f9188f13cb7b2c71f2a335e3a4fc328bf5beb436012afca590b1a11466e2206 height=0 version=0x00000001 log2_work=1.000000 tx=1 date='2011-02-02T23:16:42Z' progress=0.000002 cache=0.3MiB(0txo)
2025-08-15T00:59:27Z block tree size = 1
2025-08-15T00:59:27Z nBestHeight = 0
2025-08-15T00:59:27Z Failed to open mempool file. Continuing anyway.
2025-08-15T00:59:27Z initload thread exit
2025-08-15T00:59:27Z torcontrol thread start
2025-08-15T00:59:27Z AddLocal(26.155.178.55:18444,1)
2025-08-15T00:59:27Z Discover: 26.155.178.55
2025-08-15T00:59:27Z AddLocal([2001:0:d5b:9458:1830:526e:9dcc:fc81]:18444,1)
2025-08-15T00:59:27Z Discover: 2001:0:d5b:9458:1830:526e:9dcc:fc81
2025-08-15T00:59:27Z AddLocal([2601:642:4c00:f8a4:504f:5490:2b01:3595]:18444,1)
2025-08-15T00:59:27Z Discover: 2601:642:4c00:f8a4:504f:5490:2b01:3595
2025-08-15T00:59:27Z AddLocal([2601:642:4c00:f8a4:48d6:ca17:db87:5379]:18444,1)
2025-08-15T00:59:27Z Discover: 2601:642:4c00:f8a4:48d6:ca17:db87:5379
2025-08-15T00:59:27Z Bound to 127.0.0.1:18445
2025-08-15T00:59:27Z Bound to [::]:18444
2025-08-15T00:59:27Z Bound to 0.0.0.0:18444
2025-08-15T00:59:27Z 0 block-relay-only anchors will be tried for connections.
2025-08-15T00:59:27Z init message: Starting network threads…
2025-08-15T00:59:27Z init message: Done loading
2025-08-15T00:59:27Z net thread start
2025-08-15T00:59:27Z addcon thread start
2025-08-15T00:59:27Z msghand thread start
2025-08-15T00:59:27Z dnsseed thread start
2025-08-15T00:59:27Z Loading addresses from DNS seed dummySeed.invalid.
2025-08-15T00:59:27Z opencon thread start
2025-08-15T00:59:27Z 0 addresses found from DNS seeds
2025-08-15T00:59:27Z dnsseed thread exit
2025-08-15T01:00:28Z Adding fixed seeds as 60 seconds have passed and addrman is empty for at least one reachable network
2025-08-15T01:00:28Z Added 0 fixed seeds from reachable networks.
